<?xml version="1.0" encoding="UTF-8"?>
<!-- Generated by org.testng.reporters.JUnitXMLReporter -->
<testsuite ignored="0" hostname="DESKTOP-0EJ1KML" failures="1" tests="2" name="Test" time="32.375" errors="0" timestamp="2024-02-07T13:51:53 IST">
  <testcase classname="testClass.TC_001_AccountRegistrationTest" name="accountRegister" time="5.161"/>
  <testcase classname="testClass.TC_002_Login_Page_Test" name="loginTest" time="12.257">
    <failure type="java.lang.AssertionError" message="Test Passed expected [true] but found [false]">
      <![CDATA[java.lang.AssertionError: Test Passed expected [true] but found [false]
at testClass.TC_002_Login_Page_Test.loginTest(TC_002_Login_Page_Test.java:36)
at java.base/java.util.ArrayList.forEach(ArrayList.java:1511)
... Removed 33 stack frames]]>
    </failure>
  </testcase> <!-- loginTest -->
</testsuite> <!-- Test -->
