<?xml version="1.0" encoding="UTF-8"?>
<testng-results ignored="0" total="2" passed="1" failed="1" skipped="0">
  <reporter-output>
  </reporter-output>
  <suite started-at="2024-02-07T13:51:19 IST" name="Suite" finished-at="2024-02-07T13:51:52 IST" duration-ms="32375">
    <groups>
      <group name="regression">
        <method signature="TC_001_AccountRegistrationTest.accountRegister()[pri:0, instance:testClass.TC_001_AccountRegistrationTest@750fe12e]" name="accountRegister" class="testClass.TC_001_AccountRegistrationTest"/>
      </group> <!-- regression -->
      <group name="sanity">
        <method signature="TC_002_Login_Page_Test.loginTest()[pri:0, instance:testClass.TC_002_Login_Page_Test@7957dc72]" name="loginTest" class="testClass.TC_002_Login_Page_Test"/>
      </group> <!-- sanity -->
      <group name="master">
        <method signature="TC_001_AccountRegistrationTest.accountRegister()[pri:0, instance:testClass.TC_001_AccountRegistrationTest@750fe12e]" name="accountRegister" class="testClass.TC_001_AccountRegistrationTest"/>
        <method signature="TC_002_Login_Page_Test.loginTest()[pri:0, instance:testClass.TC_002_Login_Page_Test@7957dc72]" name="loginTest" class="testClass.TC_002_Login_Page_Test"/>
      </group> <!-- master -->
    </groups>
    <test started-at="2024-02-07T13:51:19 IST" name="Test" finished-at="2024-02-07T13:51:52 IST" duration-ms="32375">
      <class name="testClass.TC_002_Login_Page_Test">
        <test-method is-config="true" signature="setUp(java.lang.String,java.lang.String)[pri:0, instance:testClass.TC_002_Login_Page_Test@7957dc72]" started-at="2024-02-07T13:51:32 IST" name="setUp" finished-at="2024-02-07T13:51:39 IST" duration-ms="7258" status="PASS">
          <params>
            <param index="0">
              <value>
                <![CDATA[windows]]>
              </value>
            </param>
            <param index="1">
              <value>
                <![CDATA[chrome]]>
              </value>
            </param>
          </params>
          <reporter-output>
          </reporter-output>
        </test-method> <!-- setUp -->
        <test-method signature="loginTest()[pri:0, instance:testClass.TC_002_Login_Page_Test@7957dc72]" started-at="2024-02-07T13:51:39 IST" name="loginTest" finished-at="2024-02-07T13:51:51 IST" duration-ms="12257" status="FAIL">
          <exception class="java.lang.AssertionError">
            <message>
              <![CDATA[Test Passed expected [true] but found [false]]]>
            </message>
            <full-stacktrace>
              <![CDATA[java.lang.AssertionError: Test Passed expected [true] but found [false]
at org.testng.Assert.fail(Assert.java:111)
at org.testng.Assert.failNotEquals(Assert.java:1578)
at org.testng.Assert.assertEqualsImpl(Assert.java:150)
at org.testng.Assert.assertEquals(Assert.java:132)
at org.testng.Assert.assertEquals(Assert.java:1067)
at org.testng.Assert.assertEquals(Assert.java:1031)
at testClass.TC_002_Login_Page_Test.loginTest(TC_002_Login_Page_Test.java:36)
at java.base/jdk.internal.reflect.NativeMethodAccessorImpl.invoke0(Native Method)
at java.base/jdk.internal.reflect.NativeMethodAccessorImpl.invoke(NativeMethodAccessorImpl.java:77)
at java.base/jdk.internal.reflect.DelegatingMethodAccessorImpl.invoke(DelegatingMethodAccessorImpl.java:43)
at java.base/java.lang.reflect.Method.invoke(Method.java:568)
at org.testng.internal.invokers.MethodInvocationHelper.invokeMethod(MethodInvocationHelper.java:139)
at org.testng.internal.invokers.TestInvoker.invokeMethod(TestInvoker.java:664)
at org.testng.internal.invokers.TestInvoker.invokeTestMethod(TestInvoker.java:227)
at org.testng.internal.invokers.MethodRunner.runInSequence(MethodRunner.java:50)
at org.testng.internal.invokers.TestInvoker$MethodInvocationAgent.invoke(TestInvoker.java:957)
at org.testng.internal.invokers.TestInvoker.invokeTestMethods(TestInvoker.java:200)
at org.testng.internal.invokers.TestMethodWorker.invokeTestMethods(TestMethodWorker.java:148)
at org.testng.internal.invokers.TestMethodWorker.run(TestMethodWorker.java:128)
at java.base/java.util.ArrayList.forEach(ArrayList.java:1511)
at org.testng.TestRunner.privateRun(TestRunner.java:848)
at org.testng.TestRunner.run(TestRunner.java:621)
at org.testng.SuiteRunner.runTest(SuiteRunner.java:443)
at org.testng.SuiteRunner.runSequentially(SuiteRunner.java:437)
at org.testng.SuiteRunner.privateRun(SuiteRunner.java:397)
at org.testng.SuiteRunner.run(SuiteRunner.java:336)
at org.testng.SuiteRunnerWorker.runSuite(SuiteRunnerWorker.java:52)
at org.testng.SuiteRunnerWorker.run(SuiteRunnerWorker.java:95)
at org.testng.TestNG.runSuitesSequentially(TestNG.java:1280)
at org.testng.TestNG.runSuitesLocally(TestNG.java:1200)
at org.testng.TestNG.runSuites(TestNG.java:1114)
at org.testng.TestNG.run(TestNG.java:1082)
at org.testng.remote.AbstractRemoteTestNG.run(AbstractRemoteTestNG.java:115)
at org.testng.remote.RemoteTestNG.initAndRun(RemoteTestNG.java:251)
at org.testng.remote.RemoteTestNG.main(RemoteTestNG.java:77)
]]>
            </full-stacktrace>
          </exception> <!-- java.lang.AssertionError -->
          <reporter-output>
          </reporter-output>
        </test-method> <!-- loginTest -->
        <test-method is-config="true" signature="tearDown()[pri:0, instance:testClass.TC_002_Login_Page_Test@7957dc72]" started-at="2024-02-07T13:51:51 IST" name="tearDown" finished-at="2024-02-07T13:51:52 IST" duration-ms="188" status="PASS">
          <reporter-output>
          </reporter-output>
        </test-method> <!-- tearDown -->
      </class> <!-- testClass.TC_002_Login_Page_Test -->
      <class name="testClass.TC_001_AccountRegistrationTest">
        <test-method is-config="true" signature="setUp(java.lang.String,java.lang.String)[pri:0, instance:testClass.TC_001_AccountRegistrationTest@750fe12e]" started-at="2024-02-07T13:51:20 IST" name="setUp" finished-at="2024-02-07T13:51:26 IST" duration-ms="6652" status="PASS">
          <params>
            <param index="0">
              <value>
                <![CDATA[windows]]>
              </value>
            </param>
            <param index="1">
              <value>
                <![CDATA[chrome]]>
              </value>
            </param>
          </params>
          <reporter-output>
          </reporter-output>
        </test-method> <!-- setUp -->
        <test-method signature="accountRegister()[pri:0, instance:testClass.TC_001_AccountRegistrationTest@750fe12e]" started-at="2024-02-07T13:51:26 IST" name="accountRegister" finished-at="2024-02-07T13:51:31 IST" duration-ms="5161" status="PASS">
          <reporter-output>
          </reporter-output>
        </test-method> <!-- accountRegister -->
        <test-method is-config="true" signature="tearDown()[pri:0, instance:testClass.TC_001_AccountRegistrationTest@750fe12e]" started-at="2024-02-07T13:51:31 IST" name="tearDown" finished-at="2024-02-07T13:51:32 IST" duration-ms="219" status="PASS">
          <reporter-output>
          </reporter-output>
        </test-method> <!-- tearDown -->
      </class> <!-- testClass.TC_001_AccountRegistrationTest -->
    </test> <!-- Test -->
  </suite> <!-- Suite -->
</testng-results>
